<?xml version="1.0" encoding="UTF-8"?>
<!-- Generated by org.testng.reporters.JUnitReportReporter -->
<testsuite hostname="LAPTOP-92E4J732" failures="0" tests="1" name="testCases.TC001_AccountRegistrationTest" time="4.987" errors="0" timestamp="2025-05-10T16:11:07 IST" skipped="0">
  <testcase classname="testCases.TC001_AccountRegistrationTest" name="verify_account_registration" time="4.987"/>
  <system-out/>
</testsuite> <!-- testCases.TC001_AccountRegistrationTest -->
