<?xml version="1.0" encoding="UTF-8"?>
<!-- Generated by org.testng.reporters.JUnitReportReporter -->
<testsuite hostname="LAPTOP-92E4J732" failures="0" tests="1" name="testCases.TC002_LoginTest" time="2.148" errors="0" timestamp="2025-05-11T15:54:53 IST" skipped="0">
  <testcase classname="testCases.TC002_LoginTest" name="verify_Login" time="2.148"/>
</testsuite> <!-- testCases.TC002_LoginTest -->
